c:\users\01364678\documents\new visual studio projects\thembisav21\debug\thembisa.pch
c:\users\01364678\documents\new visual studio projects\thembisav21\debug\vc120.pdb
c:\users\01364678\documents\new visual studio projects\thembisav21\debug\stdafx.obj
c:\users\01364678\documents\new visual studio projects\thembisav21\debug\thembisa.obj
c:\users\01364678\documents\new visual studio projects\thembisav21\debug\statfunctions.obj
c:\users\01364678\documents\new visual studio projects\thembisav21\debug\mersenne.obj
c:\users\01364678\documents\new visual studio projects\thembisav21\debug\assemblyinfo.obj
c:\users\01364678\documents\new visual studio projects\thembisav21\debug\thembisa.exe
c:\users\01364678\documents\new visual studio projects\thembisav21\debug\thembisa.pdb
c:\users\01364678\documents\new visual studio projects\thembisav21\debug\app.res
c:\users\01364678\documents\new visual studio projects\thembisav21\debug\paediatrichiv.vcxprojresolveassemblyreference.cache
c:\users\01364678\documents\new visual studio projects\thembisav21\debug\thembisa.exe.metagen
c:\users\01364678\documents\new visual studio projects\thembisav21\debug\thembisa.tlog\cl.command.1.tlog
c:\users\01364678\documents\new visual studio projects\thembisav21\debug\thembisa.tlog\cl.read.1.tlog
c:\users\01364678\documents\new visual studio projects\thembisav21\debug\thembisa.tlog\cl.write.1.tlog
c:\users\01364678\documents\new visual studio projects\thembisav21\debug\thembisa.tlog\link.command.1.tlog
c:\users\01364678\documents\new visual studio projects\thembisav21\debug\thembisa.tlog\link.read.1.tlog
c:\users\01364678\documents\new visual studio projects\thembisav21\debug\thembisa.tlog\link.write.1.tlog
c:\users\01364678\documents\new visual studio projects\thembisav21\debug\thembisa.tlog\metagen.read.1.tlog
c:\users\01364678\documents\new visual studio projects\thembisav21\debug\thembisa.tlog\metagen.write.1.tlog
c:\users\01364678\documents\new visual studio projects\thembisav21\debug\thembisa.tlog\rc.command.1.tlog
c:\users\01364678\documents\new visual studio projects\thembisav21\debug\thembisa.tlog\rc.read.1.tlog
c:\users\01364678\documents\new visual studio projects\thembisav21\debug\thembisa.tlog\rc.write.1.tlog
c:\users\01364678\documents\new visual studio projects\thembisav21\debug\thembisa.tlog\tzres.dll.bi
